<?xml version="1.0" encoding="UTF-8"?>
<testsuite xmlns:xsi="http://www.w3.org/2001/XMLSchema-instance" xsi:noNamespaceSchemaLocation="https://maven.apache.org/surefire/maven-surefire-plugin/xsd/surefire-test-report.xsd" name="com.hbsd.rjxy.lunwen.LunwenApplicationTests" time="15.842" tests="1" errors="0" skipped="0" failures="0">
  <properties>
    <property name="sun.desktop" value="windows"/>
    <property name="awt.toolkit" value="sun.awt.windows.WToolkit"/>
    <property name="file.encoding.pkg" value="sun.io"/>
    <property name="java.specification.version" value="1.8"/>
    <property name="sun.cpu.isalist" value="amd64"/>
    <property name="sun.jnu.encoding" value="GBK"/>
    <property name="java.class.path" value="D:\我的文件\大三下项目实训\lunwen\target\test-classes;D:\我的文件\大三下项目实训\lunwen\target\classes;D:\java\repository\org\springframework\boot\spring-boot-legacy\1.1.0.RELEASE\spring-boot-legacy-1.1.0.RELEASE.jar;D:\java\repository\commons-io\commons-io\2.2\commons-io-2.2.jar;D:\java\repository\commons-fileupload\commons-fileupload\1.3.1\commons-fileupload-1.3.1.jar;D:\java\repository\org\apache\poi\poi\4.1.0\poi-4.1.0.jar;D:\java\repository\commons-codec\commons-codec\1.11\commons-codec-1.11.jar;D:\java\repository\org\apache\commons\commons-collections4\4.3\commons-collections4-4.3.jar;D:\java\repository\org\apache\commons\commons-math3\3.6.1\commons-math3-3.6.1.jar;D:\java\repository\net\sf\json-lib\json-lib\2.4\json-lib-2.4-jdk15.jar;D:\java\repository\net\sf\ezmorph\ezmorph\1.0.6\ezmorph-1.0.6.jar;D:\java\repository\commons-logging\commons-logging\1.1.1\commons-logging-1.1.1.jar;D:\java\repository\commons-lang\commons-lang\2.6\commons-lang-2.6.jar;D:\java\repository\commons-beanutils\commons-beanutils\1.9.3\commons-beanutils-1.9.3.jar;D:\java\repository\commons-collections\commons-collections\3.2.1\commons-collections-3.2.1.jar;D:\java\repository\org\springframework\boot\spring-boot-starter-data-jpa\2.1.5.RELEASE\spring-boot-starter-data-jpa-2.1.5.RELEASE.jar;D:\java\repository\org\springframework\boot\spring-boot-starter-aop\2.1.5.RELEASE\spring-boot-starter-aop-2.1.5.RELEASE.jar;D:\java\repository\org\springframework\spring-aop\5.1.7.RELEASE\spring-aop-5.1.7.RELEASE.jar;D:\java\repository\org\aspectj\aspectjweaver\1.9.4\aspectjweaver-1.9.4.jar;D:\java\repository\javax\transaction\javax.transaction-api\1.3\javax.transaction-api-1.3.jar;D:\java\repository\javax\xml\bind\jaxb-api\2.3.1\jaxb-api-2.3.1.jar;D:\java\repository\javax\activation\javax.activation-api\1.2.0\javax.activation-api-1.2.0.jar;D:\java\repository\org\hibernate\hibernate-core\5.3.10.Final\hibernate-core-5.3.10.Final.jar;D:\java\repository\org\jboss\logging\jboss-logging\3.3.2.Final\jboss-logging-3.3.2.Final.jar;D:\java\repository\javax\persistence\javax.persistence-api\2.2\javax.persistence-api-2.2.jar;D:\java\repository\org\javassist\javassist\3.23.2-GA\javassist-3.23.2-GA.jar;D:\java\repository\net\bytebuddy\byte-buddy\1.9.12\byte-buddy-1.9.12.jar;D:\java\repository\antlr\antlr\2.7.7\antlr-2.7.7.jar;D:\java\repository\org\jboss\jandex\2.0.5.Final\jandex-2.0.5.Final.jar;D:\java\repository\com\fasterxml\classmate\1.4.0\classmate-1.4.0.jar;D:\java\repository\org\dom4j\dom4j\2.1.1\dom4j-2.1.1.jar;D:\java\repository\org\hibernate\common\hibernate-commons-annotations\5.0.4.Final\hibernate-commons-annotations-5.0.4.Final.jar;D:\java\repository\org\springframework\data\spring-data-jpa\2.1.8.RELEASE\spring-data-jpa-2.1.8.RELEASE.jar;D:\java\repository\org\springframework\data\spring-data-commons\2.1.8.RELEASE\spring-data-commons-2.1.8.RELEASE.jar;D:\java\repository\org\springframework\spring-orm\5.1.7.RELEASE\spring-orm-5.1.7.RELEASE.jar;D:\java\repository\org\springframework\spring-context\5.1.7.RELEASE\spring-context-5.1.7.RELEASE.jar;D:\java\repository\org\springframework\spring-tx\5.1.7.RELEASE\spring-tx-5.1.7.RELEASE.jar;D:\java\repository\org\springframework\spring-beans\5.1.7.RELEASE\spring-beans-5.1.7.RELEASE.jar;D:\java\repository\org\slf4j\slf4j-api\1.7.26\slf4j-api-1.7.26.jar;D:\java\repository\org\springframework\spring-aspects\5.1.7.RELEASE\spring-aspects-5.1.7.RELEASE.jar;D:\java\repository\org\springframework\boot\spring-boot-starter-jdbc\2.1.5.RELEASE\spring-boot-starter-jdbc-2.1.5.RELEASE.jar;D:\java\repository\org\springframework\boot\spring-boot-starter\2.1.5.RELEASE\spring-boot-starter-2.1.5.RELEASE.jar;D:\java\repository\org\springframework\boot\spring-boot\2.1.5.RELEASE\spring-boot-2.1.5.RELEASE.jar;D:\java\repository\org\springframework\boot\spring-boot-autoconfigure\2.1.5.RELEASE\spring-boot-autoconfigure-2.1.5.RELEASE.jar;D:\java\repository\org\springframework\boot\spring-boot-starter-logging\2.1.5.RELEASE\spring-boot-starter-logging-2.1.5.RELEASE.jar;D:\java\repository\ch\qos\logback\logback-classic\1.2.3\logback-classic-1.2.3.jar;D:\java\repository\ch\qos\logback\logback-core\1.2.3\logback-core-1.2.3.jar;D:\java\repository\org\apache\logging\log4j\log4j-to-slf4j\2.11.2\log4j-to-slf4j-2.11.2.jar;D:\java\repository\org\apache\logging\log4j\log4j-api\2.11.2\log4j-api-2.11.2.jar;D:\java\repository\org\slf4j\jul-to-slf4j\1.7.26\jul-to-slf4j-1.7.26.jar;D:\java\repository\javax\annotation\javax.annotation-api\1.3.2\javax.annotation-api-1.3.2.jar;D:\java\repository\org\yaml\snakeyaml\1.23\snakeyaml-1.23.jar;D:\java\repository\com\zaxxer\HikariCP\3.2.0\HikariCP-3.2.0.jar;D:\java\repository\org\springframework\spring-jdbc\5.1.7.RELEASE\spring-jdbc-5.1.7.RELEASE.jar;D:\java\repository\org\springframework\boot\spring-boot-starter-thymeleaf\2.1.5.RELEASE\spring-boot-starter-thymeleaf-2.1.5.RELEASE.jar;D:\java\repository\org\thymeleaf\thymeleaf-spring5\3.0.11.RELEASE\thymeleaf-spring5-3.0.11.RELEASE.jar;D:\java\repository\org\thymeleaf\thymeleaf\3.0.11.RELEASE\thymeleaf-3.0.11.RELEASE.jar;D:\java\repository\org\attoparser\attoparser\2.0.5.RELEASE\attoparser-2.0.5.RELEASE.jar;D:\java\repository\org\unbescape\unbescape\1.1.6.RELEASE\unbescape-1.1.6.RELEASE.jar;D:\java\repository\org\thymeleaf\extras\thymeleaf-extras-java8time\3.0.4.RELEASE\thymeleaf-extras-java8time-3.0.4.RELEASE.jar;D:\java\repository\org\springframework\boot\spring-boot-starter-web\2.1.5.RELEASE\spring-boot-starter-web-2.1.5.RELEASE.jar;D:\java\repository\org\springframework\boot\spring-boot-starter-json\2.1.5.RELEASE\spring-boot-starter-json-2.1.5.RELEASE.jar;D:\java\repository\com\fasterxml\jackson\core\jackson-databind\2.9.8\jackson-databind-2.9.8.jar;D:\java\repository\com\fasterxml\jackson\core\jackson-annotations\2.9.0\jackson-annotations-2.9.0.jar;D:\java\repository\com\fasterxml\jackson\core\jackson-core\2.9.8\jackson-core-2.9.8.jar;D:\java\repository\com\fasterxml\jackson\datatype\jackson-datatype-jdk8\2.9.8\jackson-datatype-jdk8-2.9.8.jar;D:\java\repository\com\fasterxml\jackson\datatype\jackson-datatype-jsr310\2.9.8\jackson-datatype-jsr310-2.9.8.jar;D:\java\repository\com\fasterxml\jackson\module\jackson-module-parameter-names\2.9.8\jackson-module-parameter-names-2.9.8.jar;D:\java\repository\org\hibernate\validator\hibernate-validator\6.0.16.Final\hibernate-validator-6.0.16.Final.jar;D:\java\repository\javax\validation\validation-api\2.0.1.Final\validation-api-2.0.1.Final.jar;D:\java\repository\org\springframework\spring-web\5.1.7.RELEASE\spring-web-5.1.7.RELEASE.jar;D:\java\repository\org\springframework\spring-webmvc\5.1.7.RELEASE\spring-webmvc-5.1.7.RELEASE.jar;D:\java\repository\org\springframework\spring-expression\5.1.7.RELEASE\spring-expression-5.1.7.RELEASE.jar;D:\java\repository\mysql\mysql-connector-java\5.1.38\mysql-connector-java-5.1.38.jar;D:\java\repository\org\springframework\boot\spring-boot-starter-test\2.1.5.RELEASE\spring-boot-starter-test-2.1.5.RELEASE.jar;D:\java\repository\org\springframework\boot\spring-boot-test\2.1.5.RELEASE\spring-boot-test-2.1.5.RELEASE.jar;D:\java\repository\org\springframework\boot\spring-boot-test-autoconfigure\2.1.5.RELEASE\spring-boot-test-autoconfigure-2.1.5.RELEASE.jar;D:\java\repository\com\jayway\jsonpath\json-path\2.4.0\json-path-2.4.0.jar;D:\java\repository\net\minidev\json-smart\2.3\json-smart-2.3.jar;D:\java\repository\net\minidev\accessors-smart\1.2\accessors-smart-1.2.jar;D:\java\repository\org\ow2\asm\asm\5.0.4\asm-5.0.4.jar;D:\java\repository\junit\junit\4.12\junit-4.12.jar;D:\java\repository\org\assertj\assertj-core\3.11.1\assertj-core-3.11.1.jar;D:\java\repository\org\mockito\mockito-core\2.23.4\mockito-core-2.23.4.jar;D:\java\repository\net\bytebuddy\byte-buddy-agent\1.9.12\byte-buddy-agent-1.9.12.jar;D:\java\repository\org\objenesis\objenesis\2.6\objenesis-2.6.jar;D:\java\repository\org\hamcrest\hamcrest-core\1.3\hamcrest-core-1.3.jar;D:\java\repository\org\hamcrest\hamcrest-library\1.3\hamcrest-library-1.3.jar;D:\java\repository\org\skyscreamer\jsonassert\1.5.0\jsonassert-1.5.0.jar;D:\java\repository\org\springframework\spring-core\5.1.7.RELEASE\spring-core-5.1.7.RELEASE.jar;D:\java\repository\org\springframework\spring-jcl\5.1.7.RELEASE\spring-jcl-5.1.7.RELEASE.jar;D:\java\repository\org\springframework\spring-test\5.1.7.RELEASE\spring-test-5.1.7.RELEASE.jar;D:\java\repository\org\xmlunit\xmlunit-core\2.6.2\xmlunit-core-2.6.2.jar;D:\java\repository\org\apache\httpcomponents\httpclient\4.5.2\httpclient-4.5.2.jar;D:\java\repository\org\apache\httpcomponents\httpcore\4.4.11\httpcore-4.4.11.jar;D:\java\repository\org\jsoup\jsoup\1.11.3\jsoup-1.11.3.jar;D:\java\repository\org\apache\commons\commons-lang3\3.4\commons-lang3-3.4.jar;D:\java\repository\org\json\json\20160810\json-20160810.jar;D:\java\repository\javax\servlet\javax.servlet-api\3.0.1\javax.servlet-api-3.0.1.jar;"/>
    <property name="java.vm.vendor" value="Oracle Corporation"/>
    <property name="sun.arch.data.model" value="64"/>
    <property name="user.variant" value=""/>
    <property name="java.vendor.url" value="http://java.oracle.com/"/>
    <property name="user.timezone" value="Asia/Shanghai"/>
    <property name="java.vm.specification.version" value="1.8"/>
    <property name="os.name" value="Windows 10"/>
    <property name="user.country" value="CN"/>
    <property name="sun.java.launcher" value="SUN_STANDARD"/>
    <property name="sun.boot.library.path" value="E:\Program Files\Java\jdk1.8.0_161\jre\bin"/>
    <property name="sun.java.command" value="C:\Users\白晨皓\AppData\Local\Temp\surefire982246781778586951\surefirebooter7670036121305353590.jar C:\Users\白晨皓\AppData\Local\Temp\surefire982246781778586951 2019-06-16T09-04-42_947-jvmRun1 surefire1211830820869618028tmp surefire_04887724276210070732tmp"/>
    <property name="surefire.test.class.path" value="D:\我的文件\大三下项目实训\lunwen\target\test-classes;D:\我的文件\大三下项目实训\lunwen\target\classes;D:\java\repository\org\springframework\boot\spring-boot-legacy\1.1.0.RELEASE\spring-boot-legacy-1.1.0.RELEASE.jar;D:\java\repository\commons-io\commons-io\2.2\commons-io-2.2.jar;D:\java\repository\commons-fileupload\commons-fileupload\1.3.1\commons-fileupload-1.3.1.jar;D:\java\repository\org\apache\poi\poi\4.1.0\poi-4.1.0.jar;D:\java\repository\commons-codec\commons-codec\1.11\commons-codec-1.11.jar;D:\java\repository\org\apache\commons\commons-collections4\4.3\commons-collections4-4.3.jar;D:\java\repository\org\apache\commons\commons-math3\3.6.1\commons-math3-3.6.1.jar;D:\java\repository\net\sf\json-lib\json-lib\2.4\json-lib-2.4-jdk15.jar;D:\java\repository\net\sf\ezmorph\ezmorph\1.0.6\ezmorph-1.0.6.jar;D:\java\repository\commons-logging\commons-logging\1.1.1\commons-logging-1.1.1.jar;D:\java\repository\commons-lang\commons-lang\2.6\commons-lang-2.6.jar;D:\java\repository\commons-beanutils\commons-beanutils\1.9.3\commons-beanutils-1.9.3.jar;D:\java\repository\commons-collections\commons-collections\3.2.1\commons-collections-3.2.1.jar;D:\java\repository\org\springframework\boot\spring-boot-starter-data-jpa\2.1.5.RELEASE\spring-boot-starter-data-jpa-2.1.5.RELEASE.jar;D:\java\repository\org\springframework\boot\spring-boot-starter-aop\2.1.5.RELEASE\spring-boot-starter-aop-2.1.5.RELEASE.jar;D:\java\repository\org\springframework\spring-aop\5.1.7.RELEASE\spring-aop-5.1.7.RELEASE.jar;D:\java\repository\org\aspectj\aspectjweaver\1.9.4\aspectjweaver-1.9.4.jar;D:\java\repository\javax\transaction\javax.transaction-api\1.3\javax.transaction-api-1.3.jar;D:\java\repository\javax\xml\bind\jaxb-api\2.3.1\jaxb-api-2.3.1.jar;D:\java\repository\javax\activation\javax.activation-api\1.2.0\javax.activation-api-1.2.0.jar;D:\java\repository\org\hibernate\hibernate-core\5.3.10.Final\hibernate-core-5.3.10.Final.jar;D:\java\repository\org\jboss\logging\jboss-logging\3.3.2.Final\jboss-logging-3.3.2.Final.jar;D:\java\repository\javax\persistence\javax.persistence-api\2.2\javax.persistence-api-2.2.jar;D:\java\repository\org\javassist\javassist\3.23.2-GA\javassist-3.23.2-GA.jar;D:\java\repository\net\bytebuddy\byte-buddy\1.9.12\byte-buddy-1.9.12.jar;D:\java\repository\antlr\antlr\2.7.7\antlr-2.7.7.jar;D:\java\repository\org\jboss\jandex\2.0.5.Final\jandex-2.0.5.Final.jar;D:\java\repository\com\fasterxml\classmate\1.4.0\classmate-1.4.0.jar;D:\java\repository\org\dom4j\dom4j\2.1.1\dom4j-2.1.1.jar;D:\java\repository\org\hibernate\common\hibernate-commons-annotations\5.0.4.Final\hibernate-commons-annotations-5.0.4.Final.jar;D:\java\repository\org\springframework\data\spring-data-jpa\2.1.8.RELEASE\spring-data-jpa-2.1.8.RELEASE.jar;D:\java\repository\org\springframework\data\spring-data-commons\2.1.8.RELEASE\spring-data-commons-2.1.8.RELEASE.jar;D:\java\repository\org\springframework\spring-orm\5.1.7.RELEASE\spring-orm-5.1.7.RELEASE.jar;D:\java\repository\org\springframework\spring-context\5.1.7.RELEASE\spring-context-5.1.7.RELEASE.jar;D:\java\repository\org\springframework\spring-tx\5.1.7.RELEASE\spring-tx-5.1.7.RELEASE.jar;D:\java\repository\org\springframework\spring-beans\5.1.7.RELEASE\spring-beans-5.1.7.RELEASE.jar;D:\java\repository\org\slf4j\slf4j-api\1.7.26\slf4j-api-1.7.26.jar;D:\java\repository\org\springframework\spring-aspects\5.1.7.RELEASE\spring-aspects-5.1.7.RELEASE.jar;D:\java\repository\org\springframework\boot\spring-boot-starter-jdbc\2.1.5.RELEASE\spring-boot-starter-jdbc-2.1.5.RELEASE.jar;D:\java\repository\org\springframework\boot\spring-boot-starter\2.1.5.RELEASE\spring-boot-starter-2.1.5.RELEASE.jar;D:\java\repository\org\springframework\boot\spring-boot\2.1.5.RELEASE\spring-boot-2.1.5.RELEASE.jar;D:\java\repository\org\springframework\boot\spring-boot-autoconfigure\2.1.5.RELEASE\spring-boot-autoconfigure-2.1.5.RELEASE.jar;D:\java\repository\org\springframework\boot\spring-boot-starter-logging\2.1.5.RELEASE\spring-boot-starter-logging-2.1.5.RELEASE.jar;D:\java\repository\ch\qos\logback\logback-classic\1.2.3\logback-classic-1.2.3.jar;D:\java\repository\ch\qos\logback\logback-core\1.2.3\logback-core-1.2.3.jar;D:\java\repository\org\apache\logging\log4j\log4j-to-slf4j\2.11.2\log4j-to-slf4j-2.11.2.jar;D:\java\repository\org\apache\logging\log4j\log4j-api\2.11.2\log4j-api-2.11.2.jar;D:\java\repository\org\slf4j\jul-to-slf4j\1.7.26\jul-to-slf4j-1.7.26.jar;D:\java\repository\javax\annotation\javax.annotation-api\1.3.2\javax.annotation-api-1.3.2.jar;D:\java\repository\org\yaml\snakeyaml\1.23\snakeyaml-1.23.jar;D:\java\repository\com\zaxxer\HikariCP\3.2.0\HikariCP-3.2.0.jar;D:\java\repository\org\springframework\spring-jdbc\5.1.7.RELEASE\spring-jdbc-5.1.7.RELEASE.jar;D:\java\repository\org\springframework\boot\spring-boot-starter-thymeleaf\2.1.5.RELEASE\spring-boot-starter-thymeleaf-2.1.5.RELEASE.jar;D:\java\repository\org\thymeleaf\thymeleaf-spring5\3.0.11.RELEASE\thymeleaf-spring5-3.0.11.RELEASE.jar;D:\java\repository\org\thymeleaf\thymeleaf\3.0.11.RELEASE\thymeleaf-3.0.11.RELEASE.jar;D:\java\repository\org\attoparser\attoparser\2.0.5.RELEASE\attoparser-2.0.5.RELEASE.jar;D:\java\repository\org\unbescape\unbescape\1.1.6.RELEASE\unbescape-1.1.6.RELEASE.jar;D:\java\repository\org\thymeleaf\extras\thymeleaf-extras-java8time\3.0.4.RELEASE\thymeleaf-extras-java8time-3.0.4.RELEASE.jar;D:\java\repository\org\springframework\boot\spring-boot-starter-web\2.1.5.RELEASE\spring-boot-starter-web-2.1.5.RELEASE.jar;D:\java\repository\org\springframework\boot\spring-boot-starter-json\2.1.5.RELEASE\spring-boot-starter-json-2.1.5.RELEASE.jar;D:\java\repository\com\fasterxml\jackson\core\jackson-databind\2.9.8\jackson-databind-2.9.8.jar;D:\java\repository\com\fasterxml\jackson\core\jackson-annotations\2.9.0\jackson-annotations-2.9.0.jar;D:\java\repository\com\fasterxml\jackson\core\jackson-core\2.9.8\jackson-core-2.9.8.jar;D:\java\repository\com\fasterxml\jackson\datatype\jackson-datatype-jdk8\2.9.8\jackson-datatype-jdk8-2.9.8.jar;D:\java\repository\com\fasterxml\jackson\datatype\jackson-datatype-jsr310\2.9.8\jackson-datatype-jsr310-2.9.8.jar;D:\java\repository\com\fasterxml\jackson\module\jackson-module-parameter-names\2.9.8\jackson-module-parameter-names-2.9.8.jar;D:\java\repository\org\hibernate\validator\hibernate-validator\6.0.16.Final\hibernate-validator-6.0.16.Final.jar;D:\java\repository\javax\validation\validation-api\2.0.1.Final\validation-api-2.0.1.Final.jar;D:\java\repository\org\springframework\spring-web\5.1.7.RELEASE\spring-web-5.1.7.RELEASE.jar;D:\java\repository\org\springframework\spring-webmvc\5.1.7.RELEASE\spring-webmvc-5.1.7.RELEASE.jar;D:\java\repository\org\springframework\spring-expression\5.1.7.RELEASE\spring-expression-5.1.7.RELEASE.jar;D:\java\repository\mysql\mysql-connector-java\5.1.38\mysql-connector-java-5.1.38.jar;D:\java\repository\org\springframework\boot\spring-boot-starter-test\2.1.5.RELEASE\spring-boot-starter-test-2.1.5.RELEASE.jar;D:\java\repository\org\springframework\boot\spring-boot-test\2.1.5.RELEASE\spring-boot-test-2.1.5.RELEASE.jar;D:\java\repository\org\springframework\boot\spring-boot-test-autoconfigure\2.1.5.RELEASE\spring-boot-test-autoconfigure-2.1.5.RELEASE.jar;D:\java\repository\com\jayway\jsonpath\json-path\2.4.0\json-path-2.4.0.jar;D:\java\repository\net\minidev\json-smart\2.3\json-smart-2.3.jar;D:\java\repository\net\minidev\accessors-smart\1.2\accessors-smart-1.2.jar;D:\java\repository\org\ow2\asm\asm\5.0.4\asm-5.0.4.jar;D:\java\repository\junit\junit\4.12\junit-4.12.jar;D:\java\repository\org\assertj\assertj-core\3.11.1\assertj-core-3.11.1.jar;D:\java\repository\org\mockito\mockito-core\2.23.4\mockito-core-2.23.4.jar;D:\java\repository\net\bytebuddy\byte-buddy-agent\1.9.12\byte-buddy-agent-1.9.12.jar;D:\java\repository\org\objenesis\objenesis\2.6\objenesis-2.6.jar;D:\java\repository\org\hamcrest\hamcrest-core\1.3\hamcrest-core-1.3.jar;D:\java\repository\org\hamcrest\hamcrest-library\1.3\hamcrest-library-1.3.jar;D:\java\repository\org\skyscreamer\jsonassert\1.5.0\jsonassert-1.5.0.jar;D:\java\repository\org\springframework\spring-core\5.1.7.RELEASE\spring-core-5.1.7.RELEASE.jar;D:\java\repository\org\springframework\spring-jcl\5.1.7.RELEASE\spring-jcl-5.1.7.RELEASE.jar;D:\java\repository\org\springframework\spring-test\5.1.7.RELEASE\spring-test-5.1.7.RELEASE.jar;D:\java\repository\org\xmlunit\xmlunit-core\2.6.2\xmlunit-core-2.6.2.jar;D:\java\repository\org\apache\httpcomponents\httpclient\4.5.2\httpclient-4.5.2.jar;D:\java\repository\org\apache\httpcomponents\httpcore\4.4.11\httpcore-4.4.11.jar;D:\java\repository\org\jsoup\jsoup\1.11.3\jsoup-1.11.3.jar;D:\java\repository\org\apache\commons\commons-lang3\3.4\commons-lang3-3.4.jar;D:\java\repository\org\json\json\20160810\json-20160810.jar;D:\java\repository\javax\servlet\javax.servlet-api\3.0.1\javax.servlet-api-3.0.1.jar;"/>
    <property name="sun.cpu.endian" value="little"/>
    <property name="user.home" value="C:\Users\白晨皓"/>
    <property name="user.language" value="zh"/>
    <property name="java.specification.vendor" value="Oracle Corporation"/>
    <property name="java.home" value="E:\Program Files\Java\jdk1.8.0_161\jre"/>
    <property name="basedir" value="D:\我的文件\大三下项目实训\lunwen"/>
    <property name="file.separator" value="\"/>
    <property name="line.separator" value="&#10;"/>
    <property name="java.vm.specification.vendor" value="Oracle Corporation"/>
    <property name="java.specification.name" value="Java Platform API Specification"/>
    <property name="java.awt.graphicsenv" value="sun.awt.Win32GraphicsEnvironment"/>
    <property name="surefire.real.class.path" value="C:\Users\白晨皓\AppData\Local\Temp\surefire982246781778586951\surefirebooter7670036121305353590.jar"/>
    <property name="sun.boot.class.path" value="E:\Program Files\Java\jdk1.8.0_161\jre\lib\resources.jar;E:\Program Files\Java\jdk1.8.0_161\jre\lib\rt.jar;E:\Program Files\Java\jdk1.8.0_161\jre\lib\sunrsasign.jar;E:\Program Files\Java\jdk1.8.0_161\jre\lib\jsse.jar;E:\Program Files\Java\jdk1.8.0_161\jre\lib\jce.jar;E:\Program Files\Java\jdk1.8.0_161\jre\lib\charsets.jar;E:\Program Files\Java\jdk1.8.0_161\jre\lib\jfr.jar;E:\Program Files\Java\jdk1.8.0_161\jre\classes"/>
    <property name="user.script" value=""/>
    <property name="sun.management.compiler" value="HotSpot 64-Bit Tiered Compilers"/>
    <property name="java.runtime.version" value="1.8.0_161-b12"/>
    <property name="user.name" value="白晨皓"/>
    <property name="path.separator" value=";"/>
    <property name="os.version" value="10.0"/>
    <property name="java.endorsed.dirs" value="E:\Program Files\Java\jdk1.8.0_161\jre\lib\endorsed"/>
    <property name="java.runtime.name" value="Java(TM) SE Runtime Environment"/>
    <property name="file.encoding" value="GBK"/>
    <property name="java.vm.name" value="Java HotSpot(TM) 64-Bit Server VM"/>
    <property name="localRepository" value="D:\java\repository"/>
    <property name="java.vendor.url.bug" value="http://bugreport.sun.com/bugreport/"/>
    <property name="java.io.tmpdir" value="C:\Users\白晨皓\AppData\Local\Temp\"/>
    <property name="idea.version" value="2018.1"/>
    <property name="java.version" value="1.8.0_161"/>
    <property name="user.dir" value="D:\我的文件\大三下项目实训\lunwen"/>
    <property name="os.arch" value="amd64"/>
    <property name="java.vm.specification.name" value="Java Virtual Machine Specification"/>
    <property name="java.awt.printerjob" value="sun.awt.windows.WPrinterJob"/>
    <property name="sun.os.patch.level" value=""/>
    <property name="java.library.path" value="E:\Program Files\Java\jdk1.8.0_161\jre\bin;C:\WINDOWS\Sun\Java\bin;C:\WINDOWS\system32;C:\WINDOWS;C:\ProgramData\Oracle\Java\javapath;C:\WINDOWS\system32;C:\WINDOWS;C:\WINDOWS\System32\Wbem;C:\WINDOWS\System32\WindowsPowerShell\v1.0\;C:\Program Files\Microsoft\Web Platform Installer\;C:\Program Files (x86)\Microsoft ASP.NET\ASP.NET Web Pages\v1.0\;C:\Program Files (x86)\Windows Kits\8.0\Windows Performance Toolkit\;C:\Program Files (x86)\Microsoft SQL Server\100\Tools\Binn\;C:\Program Files\Microsoft SQL Server\100\Tools\Binn\;C:\Program Files\Microsoft SQL Server\100\DTS\Binn\;C:\Program Files (x86)\Microsoft SQL Server\100\Tools\Binn\VSShell\Common7\IDE\;C:\Program Files (x86)\Microsoft Visual Studio 9.0\Common7\IDE\PrivateAssemblies\;C:\Program Files (x86)\Microsoft SQL Server\100\DTS\Binn\;E:\Program Files (x86)\MySQL\MySQL Server 5.5\New Folder\bin;C:\WINDOWS\System32\OpenSSH\;E:\Program Files\Java\jdk1.8.0_161\bin;E:\Program Files\Java\jdk1.8.0_161\jre\bin;E:\Program Files\Git\cmd;E:\Program Files\TortoiseGit\bin;E:\Program Files\Java\maven\apache-maven-3.6.0\bin;C:\Program Files (x86)\ATI Technologies\ATI.ACE\Core-Static;E:\Anaconda3;E:\Anaconda3\Library\mingw-w64\bin;E:\Anaconda3\Library\usr\bin;E:\Anaconda3\Library\bin;E:\Anaconda3\Scripts;C:\Users\白晨皓\AppData\Local\Microsoft\WindowsApps;E:\Program Files\JetBrains\PyCharm 2019.1\bin;;C:\Users\白晨皓\AppData\Local\Microsoft\WindowsApps;;."/>
    <property name="java.vm.info" value="mixed mode"/>
    <property name="java.vendor" value="Oracle Corporation"/>
    <property name="java.vm.version" value="25.161-b12"/>
    <property name="java.ext.dirs" value="E:\Program Files\Java\jdk1.8.0_161\jre\lib\ext;C:\WINDOWS\Sun\Java\lib\ext"/>
    <property name="sun.io.unicode.encoding" value="UnicodeLittle"/>
    <property name="java.class.version" value="52.0"/>
  </properties>
  <testcase name="contextLoads" classname="com.hbsd.rjxy.lunwen.LunwenApplicationTests" time="0.305"/>
</testsuite>